[2024-11-20 00:57:23] [INFO] [inventory_status] - InventoryStatus module initialized
[2024-11-20 00:57:24] [ERROR] [base] - Unexpected error: API request failed with status 400
[2024-11-20 00:58:48] [INFO] [inventory_status] - InventoryStatus module initialized
[2024-11-20 00:58:48] [DEBUG] [base] - Making GraphQL request with variables: {"sku": null, "first": 100, "after": null}
[2024-11-20 00:58:49] [DEBUG] [base] - Response status: 400
[2024-11-20 00:58:49] [ERROR] [base] - API request failed with status 400
Response: {
  "errors": [
    {
      "message": "Cannot query field \"inventory\" on type \"Query\". Did you mean \"vendors\", \"inventory_changes\" or \"inventory_snapshot\"?",
      "locations": [
        {
          "line": 3,
          "column": 13
        }
      ]
    }
  ]
}
[2024-11-20 00:58:49] [ERROR] [base] - Unexpected error: API request failed with status 400
Response: {
  "errors": [
    {
      "message": "Cannot query field \"inventory\" on type \"Query\". Did you mean \"vendors\", \"inventory_changes\" or \"inventory_snapshot\"?",
      "locations": [
        {
          "line": 3,
          "column": 13
        }
      ]
    }
  ]
}
